Apache Ant version 1.6.0 compiled on December 18 2003
Buildfile: SmithWaterman.xml
Detected Java version: 1.4 in: /network-raid/opt/jdk1.6.0_02/jre
Detected OS: Linux
parsing buildfile /home/imilankovic/SmithWaterman_1_3/src/maxlib/RunRules/Maia_n_lin/SmithWaterman.xml with URI = file:///home/imilankovic/SmithWaterman_1_3/src/maxlib/RunRules/Maia_n_lin/SmithWaterman.xml
Project base dir set to: /home/imilankovic/SmithWaterman_1_3/src/maxlib/EngineCode
 [property] Loading Environment env.
Property ${-*-command-variables-*-} has not been set
Property ${env.MAXCOMPILERJCP} has not been set
Build sequence for target `run' is [build, run]
Complete build sequence is [build, run, help, runresult, clean, all, jar, ]

build:
      [ant] calling target [default] in build file /home/imilankovic/SmithWaterman_1_3/src/maxlib/RunRules/Maia_n_lin/SmithWaterman_Build.xml
parsing buildfile /home/imilankovic/SmithWaterman_1_3/src/maxlib/RunRules/Maia_n_lin/SmithWaterman_Build.xml with URI = file:///home/imilankovic/SmithWaterman_1_3/src/maxlib/RunRules/Maia_n_lin/SmithWaterman_Build.xml
Project base dir set to: /home/imilankovic/SmithWaterman_1_3/src/maxlib/EngineCode
 [property] Loading Environment env.
Property ${-*-command-variables-*-} has not been set
Property ${env.MAXCOMPILERJCP} has not been set
      [ant] Entering /home/imilankovic/SmithWaterman_1_3/src/maxlib/RunRules/Maia_n_lin/SmithWaterman_Build.xml...
Build sequence for target `all' is [clean, build, all]
Complete build sequence is [clean, build, all, ]

clean:
   [delete] Deleting directory /home/imilankovic/SmithWaterman_1_3/src/maxlib/RunRules/Maia_n_lin/dist
   [delete] Deleting /home/imilankovic/SmithWaterman_1_3/src/maxlib/RunRules/Maia_n_lin/dist/bin/com/maxeler/publicdemos/smithwaterman/SmithParameters.class
   [delete] Deleting /home/imilankovic/SmithWaterman_1_3/src/maxlib/RunRules/Maia_n_lin/dist/bin/com/maxeler/publicdemos/smithwaterman/SmithBuilder.class
   [delete] Deleting /home/imilankovic/SmithWaterman_1_3/src/maxlib/RunRules/Maia_n_lin/dist/bin/com/maxeler/publicdemos/smithwaterman/SmithKernel$Control.class
   [delete] Deleting /home/imilankovic/SmithWaterman_1_3/src/maxlib/RunRules/Maia_n_lin/dist/bin/com/maxeler/publicdemos/smithwaterman/SmithKernel.class
   [delete] Deleting /home/imilankovic/SmithWaterman_1_3/src/maxlib/RunRules/Maia_n_lin/dist/bin/com/maxeler/publicdemos/smithwaterman/DataStream.class
   [delete] Deleting directory /home/imilankovic/SmithWaterman_1_3/src/maxlib/RunRules/Maia_n_lin/dist/bin/com/maxeler/publicdemos/smithwaterman
   [delete] Deleting directory /home/imilankovic/SmithWaterman_1_3/src/maxlib/RunRules/Maia_n_lin/dist/bin/com/maxeler/publicdemos
   [delete] Deleting directory /home/imilankovic/SmithWaterman_1_3/src/maxlib/RunRules/Maia_n_lin/dist/bin/com/maxeler
   [delete] Deleting directory /home/imilankovic/SmithWaterman_1_3/src/maxlib/RunRules/Maia_n_lin/dist/bin/com
   [delete] Deleting directory /home/imilankovic/SmithWaterman_1_3/src/maxlib/RunRules/Maia_n_lin/dist/bin
   [delete] Deleting directory /home/imilankovic/SmithWaterman_1_3/src/maxlib/RunRules/Maia_n_lin/dist

build:
    [mkdir] Created dir: /home/imilankovic/SmithWaterman_1_3/src/maxlib/RunRules/Maia_n_lin/dist
    [mkdir] Created dir: /home/imilankovic/SmithWaterman_1_3/src/maxlib/RunRules/Maia_n_lin/dist/bin


[maxjcompiler] Compiling to folder /home/imilankovic/SmithWaterman_1_3/src/maxlib/RunRules/Maia_n_lin/dist/bin

[maxjcompiler] Compiling files and folders:
[maxjcompiler] /home/imilankovic/SmithWaterman_1_3/src/maxlib/EngineCode/src

[maxjcompiler] Compiler options:
[maxjcompiler] -noExit
[maxjcompiler] -classpath
[maxjcompiler] /network-raid/opt/maxcompiler-2015.1-post-ikon-merge/lib/MaxCompiler.jar:/network-raid/opt/maxq2/maxq2-latest/maxq2.jar:/network-raid/opt/maxq/maxq-ctl.jar:/network-raid/opt/antlr-3.3/antlr-3.3-complete.jar
[maxjcompiler] -d
[maxjcompiler] /home/imilankovic/SmithWaterman_1_3/src/maxlib/RunRules/Maia_n_lin/dist/bin

all:
      [ant] Exiting /home/imilankovic/SmithWaterman_1_3/src/maxlib/RunRules/Maia_n_lin/SmithWaterman_Build.xml.

run:
     [java] Executing '/network-raid/opt/jdk1.6.0_02/jre/bin/java' with arguments:
     [java] '-Xmx8192m'
     [java] '-classpath'
     [java] '/network-raid/opt/maxq/maxq-ctl.jar:/home/imilankovic/SmithWaterman_1_3/src/maxlib/RunRules/Maia_n_lin/dist/bin:/network-raid/opt/maxcompiler-2015.1-post-ikon-merge/lib/MaxCompiler.jar:/network-raid/opt/maxq2/maxq2-latest/maxq2.jar:/network-raid/opt/antlr-3.3/antlr-3.3-complete.jar'
     [java] 'com.maxeler.publicdemos.smithwaterman.SmithBuilder'
     [java] 
     [java] The ' characters around the executable and arguments are
     [java] not part of the command.
     [java] Setting environment variable: MAXSOURCEDIRS=src
     [java] Thu 14:57: MaxCompiler version: 2014.2a
     [java] Thu 14:57: Build "SmithWaterman" start time: Thu May 07 14:57:43 BST 2015
     [java] Thu 14:57: Main build process running as user imilankovic on host altocumulus02.cluster.maxeler.com
     [java] Thu 14:57: Build location: /home/imilankovic/builds/07-05-15/SmithWaterman_DFE_n_lin_512PE_150MHz_MAIA_DFE_100PF
     [java] Thu 14:57: Detailed build log available in "_build.log"
     [java] Thu 14:57: Instantiating manager
     [java] Thu 14:57: Instantiating kernel "SmithKernel"
     [java] Thu 14:57: 
     [java] Thu 14:57: ENGINE BUILD PARAMETERS
     [java] Thu 14:57: 	        Build name: SmithWaterman_DFE_n_lin_512PE_150MHz_MAIA_DFE_100PF
     [java] Thu 14:57: 	          DFEModel: MAIA                                               
     [java] Thu 14:57: 	       maxFileName: SmithWaterman                                      
     [java] Thu 14:57: 	            target: DFE                                                
     [java] Thu 14:57: 	        enableMPCX: false                                              
     [java] Thu 14:57: 	       MPPRStartCT: 1                                                  
     [java] Thu 14:57: 	         MPPREndCT: 20                                                 
     [java] Thu 14:57: 	       MPPRThreads: 1                                                  
     [java] Thu 14:57: 	MPPRRetryThreshold: 0                                                  
     [java] Thu 14:57: 	               tag:                                                    
     [java] Thu 14:57: 	        tableWidth: 24                                                 
     [java] Thu 14:57: 	        loopLength: 0                                                  
     [java] Thu 14:57: 	             numPE: 512                                                
     [java] Thu 14:57: 	        simulation: false                                              
     [java] Thu 14:57: 	              lmem: true                                               
     [java] Thu 14:57: 	               dna: true                                               
     [java] Thu 14:57: 	            linear: true                                               
     [java] Thu 14:57: 	      useDnaMatrix: true                                               
     [java] Thu 14:57: 	             match: 5                                                  
     [java] Thu 14:57: 	          mismatch: -4                                                 
     [java] Thu 14:57: 	      maxVariation: 5                                                  
     [java] Thu 14:57: 	         frequency: 150                                                
     [java] Thu 14:57: 	  pipeliningFactor: 1.0                                                
     [java] Thu 14:57: Compiling manager (Configurable)
     [java] Thu 14:57: 
     [java] Thu 14:57: Compiling kernel "SmithKernel"
     [java] Thu 14:57: WARNING: Warning (UNCONNECTED_DESIGN_ELEMENT):
     [java] Thu 14:57: WARNING: Unconnected elements in design 'SmithKernel'
     [java] Thu 14:57: WARNING: details in : /home/imilankovic/builds/07-05-15/SmithWaterman_DFE_n_lin_512PE_150MHz_MAIA_DFE_100PF/scratch/SmithKernel_graph_warnings.txt
     [java] Thu 15:00: Generating input files (VHDL, netlists, MegaWizard/CoreGen)
     [java] Thu 15:01: Running back-end  build (16 phases)
     [java] Thu 15:01: (1/16) - Prepare MaxFile Data (GenerateMaxFileDataFile)
     [java] Thu 15:01: (2/16) - Prepare for Placement (QuartusMap)
     [java] Thu 15:52: (3/16) - Generate Incremental Netlist (QuartusCdb)
     [java] Thu 15:55: (4/16) - Generate Resource Report (AlteraResourceUsageBuildPass)
     [java] Thu 15:55: (5/16) - Generate Annotated Source Code (AlteraResourceAnnotationBuildPass)
     [java] Thu 15:55: (6/16) - Analyse Resource Usage (AlteraResourceCounterPass)
     [java] Thu 15:55: 
     [java] Thu 15:55: About to start chip vendor Map/Place/Route toolflow. This will take some time.
     [java] Thu 15:55: For this compile, we estimate this process may take longer than 1 hour.
     [java] Thu 15:55: We recommend running in simulation to verify correctness before building hardware.
     [java] Thu 15:55: 
     [java] Thu 15:55: PRELIMINARY RESOURCE USAGE
     [java] Thu 15:55: Logic utilization:     122924 / 262400   (46.85%)
     [java] Thu 15:55: Multipliers (18x18):        0 / 3926     (0.00%)
     [java] Thu 15:55: Block memory (bits):  5909019 / 52572160 (11.24%)
     [java] Thu 15:55: 
     [java] Thu 15:55: (7/16) - Place and Route DFE (AlteraMPPR)
     [java] Thu 15:55: Executing MPPR with 20 cost tables and 1 thread.
     [java] Thu 15:55: MPPR: Starting 20 cost tables
     [java] Thu 18:07: MPPR: Cost table 1 met timing with score 0 (best score 0)
     [java] Thu 18:07: (8/16) - Generate Configuration (QuartusAsm)
     [java] Thu 18:11: (9/16) - Convert Programming File (QuartusCpf)
     [java] Thu 18:12: (10/16) - Update Checksum (UpdateChecksumBuildPass)
     [java] Thu 18:12: (11/16) - Generate Incremental Netlist (QuartusCdb)
     [java] Thu 18:14: (12/16) - Generate Configuration (QuartusAsm)
     [java] Thu 18:19: (13/16) - Convert Programming File (QuartusCpf)
     [java] Thu 18:19: (14/16) - Generate Resource Report (AlteraResourceUsageBuildPass)
     [java] Thu 18:20: (15/16) - Generate Annotated Source Code (AlteraResourceAnnotationBuildPass)
     [java] Thu 18:20: (16/16) - Generate MaxFile (GenerateMaxFileAltera)
     [java] Thu 18:20: 
     [java] Thu 18:20: FINAL RESOURCE USAGE
     [java] Thu 18:20: Logic utilization:    99425 / 262400 (37.89%)
     [java] Thu 18:20:   Primary FFs:       191450 / 524800 (36.48%)
     [java] Thu 18:20:   Secondary FFs:      22600 / 524800 (4.31%)
     [java] Thu 18:20: Multipliers (18x18):      0 / 3926   (0.00%)
     [java] Thu 18:20:   DSP blocks:             0 / 1963   (0.00%)
     [java] Thu 18:20: Block memory (M20K):   1802 / 2567   (70.20%)
     [java] Thu 18:20: 
     [java] Thu 18:20: MaxFile: /home/imilankovic/builds/07-05-15/SmithWaterman_DFE_n_lin_512PE_150MHz_MAIA_DFE_100PF/results/SmithWaterman.max (MD5Sum: 4254b6000e559eade39d71dd1ea0ad87)
     [java] Thu 18:20: Build completed: Thu May 07 18:20:34 BST 2015 (took 3 hours, 22 mins, 51 secs)


     [exec] Current OS is Linux
     [exec] Executing '/network-raid/opt/maxcompiler-2015.1-post-ikon-merge/lib/MaxIDE/copyBuildResults.sh' with arguments:
     [exec] '-p'
     [exec] 'Maia_n_lin'
     [exec] 
     [exec] The ' characters around the executable and arguments are
     [exec] not part of the command.



BUILD SUCCESSFUL
Total time: 203 minutes 35 seconds
